<!DOCTYPE html>
<html>
  <head>
    <meta charset="utf-8"/>
    <title>Test Report</title>
    <link href="assets/style.css" rel="stylesheet" type="text/css"/></head>
  <body onLoad="init()">
    <script>/* This Source Code Form is subject to the terms of the Mozilla Public
 * License, v. 2.0. If a copy of the MPL was not distributed with this file,
 * You can obtain one at http://mozilla.org/MPL/2.0/. */


function toArray(iter) {
    if (iter === null) {
        return null;
    }
    return Array.prototype.slice.call(iter);
}

function find(selector, elem) {
    if (!elem) {
        elem = document;
    }
    return elem.querySelector(selector);
}

function find_all(selector, elem) {
    if (!elem) {
        elem = document;
    }
    return toArray(elem.querySelectorAll(selector));
}

function sort_column(elem) {
    toggle_sort_states(elem);
    var colIndex = toArray(elem.parentNode.childNodes).indexOf(elem);
    var key;
    if (elem.classList.contains('numeric')) {
        key = key_num;
    } else if (elem.classList.contains('result')) {
        key = key_result;
    } else {
        key = key_alpha;
    }
    sort_table(elem, key(colIndex));
}

function show_all_extras() {
    find_all('.col-result').forEach(show_extras);
}

function hide_all_extras() {
    find_all('.col-result').forEach(hide_extras);
}

function show_extras(colresult_elem) {
    var extras = colresult_elem.parentNode.nextElementSibling;
    var expandcollapse = colresult_elem.firstElementChild;
    extras.classList.remove("collapsed");
    expandcollapse.classList.remove("expander");
    expandcollapse.classList.add("collapser");
}

function hide_extras(colresult_elem) {
    var extras = colresult_elem.parentNode.nextElementSibling;
    var expandcollapse = colresult_elem.firstElementChild;
    extras.classList.add("collapsed");
    expandcollapse.classList.remove("collapser");
    expandcollapse.classList.add("expander");
}

function show_filters() {
    var filter_items = document.getElementsByClassName('filter');
    for (var i = 0; i < filter_items.length; i++)
        filter_items[i].hidden = false;
}

function add_collapse() {
    // Add links for show/hide all
    var resulttable = find('table#results-table');
    var showhideall = document.createElement("p");
    showhideall.innerHTML = '<a href="javascript:show_all_extras()">Show all details</a> / ' +
                            '<a href="javascript:hide_all_extras()">Hide all details</a>';
    resulttable.parentElement.insertBefore(showhideall, resulttable);

    // Add show/hide link to each result
    find_all('.col-result').forEach(function(elem) {
        var collapsed = get_query_parameter('collapsed') || 'Passed';
        var extras = elem.parentNode.nextElementSibling;
        var expandcollapse = document.createElement("span");
        if (extras.classList.contains("collapsed")) {
            expandcollapse.classList.add("expander")
        } else if (collapsed.includes(elem.innerHTML)) {
            extras.classList.add("collapsed");
            expandcollapse.classList.add("expander");
        } else {
            expandcollapse.classList.add("collapser");
        }
        elem.appendChild(expandcollapse);

        elem.addEventListener("click", function(event) {
            if (event.currentTarget.parentNode.nextElementSibling.classList.contains("collapsed")) {
                show_extras(event.currentTarget);
            } else {
                hide_extras(event.currentTarget);
            }
        });
    })
}

function get_query_parameter(name) {
    var match = RegExp('[?&]' + name + '=([^&]*)').exec(window.location.search);
    return match && decodeURIComponent(match[1].replace(/\+/g, ' '));
}

function init () {
    reset_sort_headers();

    add_collapse();

    show_filters();

    sort_column(find('.initial-sort'));

    find_all('.sortable').forEach(function(elem) {
        elem.addEventListener("click",
                              function(event) {
                                  sort_column(elem);
                              }, false)
    });

};

function sort_table(clicked, key_func) {
    var rows = find_all('.results-table-row');
    var reversed = !clicked.classList.contains('asc');
    var sorted_rows = sort(rows, key_func, reversed);
    /* Whole table is removed here because browsers acts much slower
     * when appending existing elements.
     */
    var thead = document.getElementById("results-table-head");
    document.getElementById('results-table').remove();
    var parent = document.createElement("table");
    parent.id = "results-table";
    parent.appendChild(thead);
    sorted_rows.forEach(function(elem) {
        parent.appendChild(elem);
    });
    document.getElementsByTagName("BODY")[0].appendChild(parent);
}

function sort(items, key_func, reversed) {
    var sort_array = items.map(function(item, i) {
        return [key_func(item), i];
    });

    sort_array.sort(function(a, b) {
        var key_a = a[0];
        var key_b = b[0];

        if (key_a == key_b) return 0;

        if (reversed) {
            return (key_a < key_b ? 1 : -1);
        } else {
            return (key_a > key_b ? 1 : -1);
        }
    });

    return sort_array.map(function(item) {
        var index = item[1];
        return items[index];
    });
}

function key_alpha(col_index) {
    return function(elem) {
        return elem.childNodes[1].childNodes[col_index].firstChild.data.toLowerCase();
    };
}

function key_num(col_index) {
    return function(elem) {
        return parseFloat(elem.childNodes[1].childNodes[col_index].firstChild.data);
    };
}

function key_result(col_index) {
    return function(elem) {
        var strings = ['Error', 'Failed', 'Rerun', 'XFailed', 'XPassed',
                       'Skipped', 'Passed'];
        return strings.indexOf(elem.childNodes[1].childNodes[col_index].firstChild.data);
    };
}

function reset_sort_headers() {
    find_all('.sort-icon').forEach(function(elem) {
        elem.parentNode.removeChild(elem);
    });
    find_all('.sortable').forEach(function(elem) {
        var icon = document.createElement("div");
        icon.className = "sort-icon";
        icon.textContent = "vvv";
        elem.insertBefore(icon, elem.firstChild);
        elem.classList.remove("desc", "active");
        elem.classList.add("asc", "inactive");
    });
}

function toggle_sort_states(elem) {
    //if active, toggle between asc and desc
    if (elem.classList.contains('active')) {
        elem.classList.toggle('asc');
        elem.classList.toggle('desc');
    }

    //if inactive, reset all other functions and add ascending active
    if (elem.classList.contains('inactive')) {
        reset_sort_headers();
        elem.classList.remove('inactive');
        elem.classList.add('active');
    }
}

function is_all_rows_hidden(value) {
  return value.hidden == false;
}

function filter_table(elem) {
    var outcome_att = "data-test-result";
    var outcome = elem.getAttribute(outcome_att);
    class_outcome = outcome + " results-table-row";
    var outcome_rows = document.getElementsByClassName(class_outcome);

    for(var i = 0; i < outcome_rows.length; i++){
        outcome_rows[i].hidden = !elem.checked;
    }

    var rows = find_all('.results-table-row').filter(is_all_rows_hidden);
    var all_rows_hidden = rows.length == 0 ? true : false;
    var not_found_message = document.getElementById("not-found-message");
    not_found_message.hidden = !all_rows_hidden;
}
</script>
    <h1>report.html</h1>
    <p>Report generated on 24-Sep-2020 at 22:17:15 by <a href="https://pypi.python.org/pypi/pytest-html">pytest-html</a> v2.1.1</p>
    <h2>Environment</h2>
    <table id="environment">
      <tr>
        <td>Packages</td>
        <td>{"pluggy": "0.13.1", "py": "1.9.0", "pytest": "6.0.2"}</td></tr>
      <tr>
        <td>Platform</td>
        <td>Windows-10-10.0.19041-SP0</td></tr>
      <tr>
        <td>Plugins</td>
        <td>{"html": "2.1.1", "metadata": "1.10.0"}</td></tr>
      <tr>
        <td>Python</td>
        <td>3.8.2</td></tr></table>
    <h2>Summary</h2>
    <p>15 tests ran in 141.36 seconds. </p>
    <p class="filter" hidden="true">(Un)check the boxes to filter the results.</p><input checked="true" class="filter" data-test-result="passed" hidden="true" name="filter_checkbox" onChange="filter_table(this)" type="checkbox"/><span class="passed">13 passed</span>, <input checked="true" class="filter" data-test-result="skipped" disabled="true" hidden="true" name="filter_checkbox" onChange="filter_table(this)" type="checkbox"/><span class="skipped">0 skipped</span>, <input checked="true" class="filter" data-test-result="failed" hidden="true" name="filter_checkbox" onChange="filter_table(this)" type="checkbox"/><span class="failed">2 failed</span>, <input checked="true" class="filter" data-test-result="error" hidden="true" name="filter_checkbox" onChange="filter_table(this)" type="checkbox"/><span class="error">2 errors</span>, <input checked="true" class="filter" data-test-result="xfailed" disabled="true" hidden="true" name="filter_checkbox" onChange="filter_table(this)" type="checkbox"/><span class="xfailed">0 expected failures</span>, <input checked="true" class="filter" data-test-result="xpassed" disabled="true" hidden="true" name="filter_checkbox" onChange="filter_table(this)" type="checkbox"/><span class="xpassed">0 unexpected passes</span>
    <h2>Results</h2>
    <table id="results-table">
      <thead id="results-table-head">
        <tr>
          <th class="sortable result initial-sort" col="result">Result</th>
          <th class="sortable" col="name">Test</th>
          <th class="sortable numeric" col="duration">Duration</th>
          <th>Links</th></tr>
        <tr hidden="true" id="not-found-message">
          <th colspan="4">No results found. Try to check the filters</th></tr></thead>
      <tbody class="error results-table-row">
        <tr>
          <td class="col-result">Error</td>
          <td class="col-name">Testcases/test_AdminJob.py::TestJob::test_Edit_Work_Shifts::teardown</td>
          <td class="col-duration">1.10</td>
          <td class="col-links"></td></tr>
        <tr>
          <td class="extra" colspan="4">
            <div class="log">request = &lt;SubRequest &#x27;test_setup&#x27; for &lt;Function test_Add_Job_Title&gt;&gt;<br/><br/>    @pytest.fixture(scope=&quot;class&quot;)<br/>    def test_setup(request):<br/>        from selenium import webdriver<br/>        browser = request.config.getoption(&quot;--browser&quot;)<br/>        driver = None<br/>        if browser == &quot;chrome&quot;:<br/>            driver = webdriver.Chrome(executable_path=&quot;E:/Vidyashri/PythonSeleniumProjects/Drivers/chromedriver_win32&quot;<br/>                                                      &quot;/chromedriver.exe&quot;)<br/>        elif browser == &quot;firefox&quot;:<br/>            driver = webdriver.Ie(executable_path=&quot;E:/Vidyashri/PythonSeleniumProjects/Drivers/IEDriverServer_Win32_3.150.1&quot;<br/>                                                  &quot;/IEDriverServer.exe&quot;)<br/>        driver.implicitly_wait(10)<br/>        driver.maximize_window()<br/>        request.cls.driver = driver<br/>        driver.get(utils.url)<br/>        login = LoginPages(driver)<br/>        login.enter_username(utils.valid_username)<br/>        login.enter_password(utils.valid_password)<br/>        login.click_login()<br/>        yield<br/>        homepage = HomePages(driver)<br/>&gt;       homepage.click_welcome()<br/><br/>conftest.py:32: <br/>_ _ _ _ _ _ _ _ _ _ _ _ _ _ _ _ _ _ _ _ _ _ _ _ _ _ _ _ _ _ _ _ _ _ _ _ _ _ _ _ <br/>PageObjects\OrangeHRM_HomePags\HomePage.py:9: in click_welcome<br/>    self.driver.find_element_by_link_text(self.welcome_link_text).click()<br/>venv\lib\site-packages\selenium\webdriver\remote\webdriver.py:428: in find_element_by_link_text<br/>    return self.find_element(by=By.LINK_TEXT, value=link_text)<br/>venv\lib\site-packages\selenium\webdriver\remote\webdriver.py:976: in find_element<br/>    return self.execute(Command.FIND_ELEMENT, {<br/>venv\lib\site-packages\selenium\webdriver\remote\webdriver.py:321: in execute<br/>    self.error_handler.check_response(response)<br/>_ _ _ _ _ _ _ _ _ _ _ _ _ _ _ _ _ _ _ _ _ _ _ _ _ _ _ _ _ _ _ _ _ _ _ _ _ _ _ _ <br/><br/>self = &lt;selenium.webdriver.remote.errorhandler.ErrorHandler object at 0x04619DD8&gt;<br/>response = {&#x27;status&#x27;: 404, &#x27;value&#x27;: &#x27;{&quot;value&quot;:{&quot;error&quot;:&quot;no such element&quot;,&quot;message&quot;:&quot;no such element: Unable to locate element: {\...\n\\tRtlGetAppContainerNamedObjectPath [0x774174A4+228]\\n\\tRtlGetAppContainerNamedObjectPath [0x77417474+180]\\n&quot;}}&#x27;}<br/><br/>    def check_response(self, response):<br/>        &quot;&quot;&quot;<br/>        Checks that a JSON response from the WebDriver does not have an error.<br/>    <br/>        :Args:<br/>         - response - The JSON response from the WebDriver server as a dictionary<br/>           object.<br/>    <br/>        :Raises: If the response contains an error message.<br/>        &quot;&quot;&quot;<br/>        status = response.get(&#x27;status&#x27;, None)<br/>        if status is None or status == ErrorCode.SUCCESS:<br/>            return<br/>        value = None<br/>        message = response.get(&quot;message&quot;, &quot;&quot;)<br/>        screen = response.get(&quot;screen&quot;, &quot;&quot;)<br/>        stacktrace = None<br/>        if isinstance(status, int):<br/>            value_json = response.get(&#x27;value&#x27;, None)<br/>            if value_json and isinstance(value_json, basestring):<br/>                import json<br/>                try:<br/>                    value = json.loads(value_json)<br/>                    if len(value.keys()) == 1:<br/>                        value = value[&#x27;value&#x27;]<br/>                    status = value.get(&#x27;error&#x27;, None)<br/>                    if status is None:<br/>                        status = value[&quot;status&quot;]<br/>                        message = value[&quot;value&quot;]<br/>                        if not isinstance(message, basestring):<br/>                            value = message<br/>                            message = message.get(&#x27;message&#x27;)<br/>                    else:<br/>                        message = value.get(&#x27;message&#x27;, None)<br/>                except ValueError:<br/>                    pass<br/>    <br/>        exception_class = ErrorInResponseException<br/>        if status in ErrorCode.NO_SUCH_ELEMENT:<br/>            exception_class = NoSuchElementException<br/>        elif status in ErrorCode.NO_SUCH_FRAME:<br/>            exception_class = NoSuchFrameException<br/>        elif status in ErrorCode.NO_SUCH_WINDOW:<br/>            exception_class = NoSuchWindowException<br/>        elif status in ErrorCode.STALE_ELEMENT_REFERENCE:<br/>            exception_class = StaleElementReferenceException<br/>        elif status in ErrorCode.ELEMENT_NOT_VISIBLE:<br/>            exception_class = ElementNotVisibleException<br/>        elif status in ErrorCode.INVALID_ELEMENT_STATE:<br/>            exception_class = InvalidElementStateException<br/>        elif status in ErrorCode.INVALID_SELECTOR \<br/>                or status in ErrorCode.INVALID_XPATH_SELECTOR \<br/>                or status in ErrorCode.INVALID_XPATH_SELECTOR_RETURN_TYPER:<br/>            exception_class = InvalidSelectorException<br/>        elif status in ErrorCode.ELEMENT_IS_NOT_SELECTABLE:<br/>            exception_class = ElementNotSelectableException<br/>        elif status in ErrorCode.ELEMENT_NOT_INTERACTABLE:<br/>            exception_class = ElementNotInteractableException<br/>        elif status in ErrorCode.INVALID_COOKIE_DOMAIN:<br/>            exception_class = InvalidCookieDomainException<br/>        elif status in ErrorCode.UNABLE_TO_SET_COOKIE:<br/>            exception_class = UnableToSetCookieException<br/>        elif status in ErrorCode.TIMEOUT:<br/>            exception_class = TimeoutException<br/>        elif status in ErrorCode.SCRIPT_TIMEOUT:<br/>            exception_class = TimeoutException<br/>        elif status in ErrorCode.UNKNOWN_ERROR:<br/>            exception_class = WebDriverException<br/>        elif status in ErrorCode.UNEXPECTED_ALERT_OPEN:<br/>            exception_class = UnexpectedAlertPresentException<br/>        elif status in ErrorCode.NO_ALERT_OPEN:<br/>            exception_class = NoAlertPresentException<br/>        elif status in ErrorCode.IME_NOT_AVAILABLE:<br/>            exception_class = ImeNotAvailableException<br/>        elif status in ErrorCode.IME_ENGINE_ACTIVATION_FAILED:<br/>            exception_class = ImeActivationFailedException<br/>        elif status in ErrorCode.MOVE_TARGET_OUT_OF_BOUNDS:<br/>            exception_class = MoveTargetOutOfBoundsException<br/>        elif status in ErrorCode.JAVASCRIPT_ERROR:<br/>            exception_class = JavascriptException<br/>        elif status in ErrorCode.SESSION_NOT_CREATED:<br/>            exception_class = SessionNotCreatedException<br/>        elif status in ErrorCode.INVALID_ARGUMENT:<br/>            exception_class = InvalidArgumentException<br/>        elif status in ErrorCode.NO_SUCH_COOKIE:<br/>            exception_class = NoSuchCookieException<br/>        elif status in ErrorCode.UNABLE_TO_CAPTURE_SCREEN:<br/>            exception_class = ScreenshotException<br/>        elif status in ErrorCode.ELEMENT_CLICK_INTERCEPTED:<br/>            exception_class = ElementClickInterceptedException<br/>        elif status in ErrorCode.INSECURE_CERTIFICATE:<br/>            exception_class = InsecureCertificateException<br/>        elif status in ErrorCode.INVALID_COORDINATES:<br/>            exception_class = InvalidCoordinatesException<br/>        elif status in ErrorCode.INVALID_SESSION_ID:<br/>            exception_class = InvalidSessionIdException<br/>        elif status in ErrorCode.UNKNOWN_METHOD:<br/>            exception_class = UnknownMethodException<br/>        else:<br/>            exception_class = WebDriverException<br/>        if value == &#x27;&#x27; or value is None:<br/>            value = response[&#x27;value&#x27;]<br/>        if isinstance(value, basestring):<br/>            if exception_class == ErrorInResponseException:<br/>                raise exception_class(response, value)<br/>            raise exception_class(value)<br/>        if message == &quot;&quot; and &#x27;message&#x27; in value:<br/>            message = value[&#x27;message&#x27;]<br/>    <br/>        screen = None<br/>        if &#x27;screen&#x27; in value:<br/>            screen = value[&#x27;screen&#x27;]<br/>    <br/>        stacktrace = None<br/>        if &#x27;stackTrace&#x27; in value and value[&#x27;stackTrace&#x27;]:<br/>            stacktrace = []<br/>            try:<br/>                for frame in value[&#x27;stackTrace&#x27;]:<br/>                    line = self._value_or_default(frame, &#x27;lineNumber&#x27;, &#x27;&#x27;)<br/>                    file = self._value_or_default(frame, &#x27;fileName&#x27;, &#x27;&lt;anonymous&gt;&#x27;)<br/>                    if line:<br/>                        file = &quot;%s:%s&quot; % (file, line)<br/>                    meth = self._value_or_default(frame, &#x27;methodName&#x27;, &#x27;&lt;anonymous&gt;&#x27;)<br/>                    if &#x27;className&#x27; in frame:<br/>                        meth = &quot;%s.%s&quot; % (frame[&#x27;className&#x27;], meth)<br/>                    msg = &quot;    at %s (%s)&quot;<br/>                    msg = msg % (meth, file)<br/>                    stacktrace.append(msg)<br/>            except TypeError:<br/>                pass<br/>        if exception_class == ErrorInResponseException:<br/>            raise exception_class(response, message)<br/>        elif exception_class == UnexpectedAlertPresentException:<br/>            alert_text = None<br/>            if &#x27;data&#x27; in value:<br/>                alert_text = value[&#x27;data&#x27;].get(&#x27;text&#x27;)<br/>            elif &#x27;alert&#x27; in value:<br/>                alert_text = value[&#x27;alert&#x27;].get(&#x27;text&#x27;)<br/>            raise exception_class(message, screen, stacktrace, alert_text)<br/>&gt;       raise exception_class(message, screen, stacktrace)<br/><span class="error">E       selenium.common.exceptions.NoSuchElementException: Message: no such element: Unable to locate element: {&quot;method&quot;:&quot;link text&quot;,&quot;selector&quot;:&quot;Welcome Admin&quot;}</span><br/><span class="error">E         (Session info: chrome=85.0.4183.121)</span><br/><br/>venv\lib\site-packages\selenium\webdriver\remote\errorhandler.py:242: NoSuchElementException<br/> ------------------------------Captured stdout call------------------------------ <br/>Noon_NormalShift edited successfully
<br/> -------------------------------Captured log call-------------------------------- <br/>[32mINFO    [0m OrangeHRM_Common.OrangeHRM_ReportUtilities.LogGenerator:test_AdminJob.py:182 test_10Edit_Work_Shifts called<br/></div></td></tr></tbody>
      <tbody class="error results-table-row">
        <tr>
          <td class="col-result">Error</td>
          <td class="col-name">Testcases/test_AdminUserManagement.py::TestUserManagement::test_click_users::teardown</td>
          <td class="col-duration">10.17</td>
          <td class="col-links"></td></tr>
        <tr>
          <td class="extra" colspan="4">
            <div class="log">request = &lt;SubRequest &#x27;test_setup&#x27; for &lt;Function test_click_users&gt;&gt;<br/><br/>    @pytest.fixture(scope=&quot;class&quot;)<br/>    def test_setup(request):<br/>        from selenium import webdriver<br/>        browser = request.config.getoption(&quot;--browser&quot;)<br/>        driver = None<br/>        if browser == &quot;chrome&quot;:<br/>            driver = webdriver.Chrome(executable_path=&quot;E:/Vidyashri/PythonSeleniumProjects/Drivers/chromedriver_win32&quot;<br/>                                                      &quot;/chromedriver.exe&quot;)<br/>        elif browser == &quot;firefox&quot;:<br/>            driver = webdriver.Ie(executable_path=&quot;E:/Vidyashri/PythonSeleniumProjects/Drivers/IEDriverServer_Win32_3.150.1&quot;<br/>                                                  &quot;/IEDriverServer.exe&quot;)<br/>        driver.implicitly_wait(10)<br/>        driver.maximize_window()<br/>        request.cls.driver = driver<br/>        driver.get(utils.url)<br/>        login = LoginPages(driver)<br/>        login.enter_username(utils.valid_username)<br/>        login.enter_password(utils.valid_password)<br/>        login.click_login()<br/>        yield<br/>        homepage = HomePages(driver)<br/>&gt;       homepage.click_welcome()<br/><br/>conftest.py:32: <br/>_ _ _ _ _ _ _ _ _ _ _ _ _ _ _ _ _ _ _ _ _ _ _ _ _ _ _ _ _ _ _ _ _ _ _ _ _ _ _ _ <br/>PageObjects\OrangeHRM_HomePags\HomePage.py:9: in click_welcome<br/>    self.driver.find_element_by_link_text(self.welcome_link_text).click()<br/>venv\lib\site-packages\selenium\webdriver\remote\webdriver.py:428: in find_element_by_link_text<br/>    return self.find_element(by=By.LINK_TEXT, value=link_text)<br/>venv\lib\site-packages\selenium\webdriver\remote\webdriver.py:976: in find_element<br/>    return self.execute(Command.FIND_ELEMENT, {<br/>venv\lib\site-packages\selenium\webdriver\remote\webdriver.py:321: in execute<br/>    self.error_handler.check_response(response)<br/>_ _ _ _ _ _ _ _ _ _ _ _ _ _ _ _ _ _ _ _ _ _ _ _ _ _ _ _ _ _ _ _ _ _ _ _ _ _ _ _ <br/><br/>self = &lt;selenium.webdriver.remote.errorhandler.ErrorHandler object at 0x0095A490&gt;<br/>response = {&#x27;status&#x27;: 404, &#x27;value&#x27;: &#x27;{&quot;value&quot;:{&quot;error&quot;:&quot;no such element&quot;,&quot;message&quot;:&quot;no such element: Unable to locate element: {\...\n\\tRtlGetAppContainerNamedObjectPath [0x774174A4+228]\\n\\tRtlGetAppContainerNamedObjectPath [0x77417474+180]\\n&quot;}}&#x27;}<br/><br/>    def check_response(self, response):<br/>        &quot;&quot;&quot;<br/>        Checks that a JSON response from the WebDriver does not have an error.<br/>    <br/>        :Args:<br/>         - response - The JSON response from the WebDriver server as a dictionary<br/>           object.<br/>    <br/>        :Raises: If the response contains an error message.<br/>        &quot;&quot;&quot;<br/>        status = response.get(&#x27;status&#x27;, None)<br/>        if status is None or status == ErrorCode.SUCCESS:<br/>            return<br/>        value = None<br/>        message = response.get(&quot;message&quot;, &quot;&quot;)<br/>        screen = response.get(&quot;screen&quot;, &quot;&quot;)<br/>        stacktrace = None<br/>        if isinstance(status, int):<br/>            value_json = response.get(&#x27;value&#x27;, None)<br/>            if value_json and isinstance(value_json, basestring):<br/>                import json<br/>                try:<br/>                    value = json.loads(value_json)<br/>                    if len(value.keys()) == 1:<br/>                        value = value[&#x27;value&#x27;]<br/>                    status = value.get(&#x27;error&#x27;, None)<br/>                    if status is None:<br/>                        status = value[&quot;status&quot;]<br/>                        message = value[&quot;value&quot;]<br/>                        if not isinstance(message, basestring):<br/>                            value = message<br/>                            message = message.get(&#x27;message&#x27;)<br/>                    else:<br/>                        message = value.get(&#x27;message&#x27;, None)<br/>                except ValueError:<br/>                    pass<br/>    <br/>        exception_class = ErrorInResponseException<br/>        if status in ErrorCode.NO_SUCH_ELEMENT:<br/>            exception_class = NoSuchElementException<br/>        elif status in ErrorCode.NO_SUCH_FRAME:<br/>            exception_class = NoSuchFrameException<br/>        elif status in ErrorCode.NO_SUCH_WINDOW:<br/>            exception_class = NoSuchWindowException<br/>        elif status in ErrorCode.STALE_ELEMENT_REFERENCE:<br/>            exception_class = StaleElementReferenceException<br/>        elif status in ErrorCode.ELEMENT_NOT_VISIBLE:<br/>            exception_class = ElementNotVisibleException<br/>        elif status in ErrorCode.INVALID_ELEMENT_STATE:<br/>            exception_class = InvalidElementStateException<br/>        elif status in ErrorCode.INVALID_SELECTOR \<br/>                or status in ErrorCode.INVALID_XPATH_SELECTOR \<br/>                or status in ErrorCode.INVALID_XPATH_SELECTOR_RETURN_TYPER:<br/>            exception_class = InvalidSelectorException<br/>        elif status in ErrorCode.ELEMENT_IS_NOT_SELECTABLE:<br/>            exception_class = ElementNotSelectableException<br/>        elif status in ErrorCode.ELEMENT_NOT_INTERACTABLE:<br/>            exception_class = ElementNotInteractableException<br/>        elif status in ErrorCode.INVALID_COOKIE_DOMAIN:<br/>            exception_class = InvalidCookieDomainException<br/>        elif status in ErrorCode.UNABLE_TO_SET_COOKIE:<br/>            exception_class = UnableToSetCookieException<br/>        elif status in ErrorCode.TIMEOUT:<br/>            exception_class = TimeoutException<br/>        elif status in ErrorCode.SCRIPT_TIMEOUT:<br/>            exception_class = TimeoutException<br/>        elif status in ErrorCode.UNKNOWN_ERROR:<br/>            exception_class = WebDriverException<br/>        elif status in ErrorCode.UNEXPECTED_ALERT_OPEN:<br/>            exception_class = UnexpectedAlertPresentException<br/>        elif status in ErrorCode.NO_ALERT_OPEN:<br/>            exception_class = NoAlertPresentException<br/>        elif status in ErrorCode.IME_NOT_AVAILABLE:<br/>            exception_class = ImeNotAvailableException<br/>        elif status in ErrorCode.IME_ENGINE_ACTIVATION_FAILED:<br/>            exception_class = ImeActivationFailedException<br/>        elif status in ErrorCode.MOVE_TARGET_OUT_OF_BOUNDS:<br/>            exception_class = MoveTargetOutOfBoundsException<br/>        elif status in ErrorCode.JAVASCRIPT_ERROR:<br/>            exception_class = JavascriptException<br/>        elif status in ErrorCode.SESSION_NOT_CREATED:<br/>            exception_class = SessionNotCreatedException<br/>        elif status in ErrorCode.INVALID_ARGUMENT:<br/>            exception_class = InvalidArgumentException<br/>        elif status in ErrorCode.NO_SUCH_COOKIE:<br/>            exception_class = NoSuchCookieException<br/>        elif status in ErrorCode.UNABLE_TO_CAPTURE_SCREEN:<br/>            exception_class = ScreenshotException<br/>        elif status in ErrorCode.ELEMENT_CLICK_INTERCEPTED:<br/>            exception_class = ElementClickInterceptedException<br/>        elif status in ErrorCode.INSECURE_CERTIFICATE:<br/>            exception_class = InsecureCertificateException<br/>        elif status in ErrorCode.INVALID_COORDINATES:<br/>            exception_class = InvalidCoordinatesException<br/>        elif status in ErrorCode.INVALID_SESSION_ID:<br/>            exception_class = InvalidSessionIdException<br/>        elif status in ErrorCode.UNKNOWN_METHOD:<br/>            exception_class = UnknownMethodException<br/>        else:<br/>            exception_class = WebDriverException<br/>        if value == &#x27;&#x27; or value is None:<br/>            value = response[&#x27;value&#x27;]<br/>        if isinstance(value, basestring):<br/>            if exception_class == ErrorInResponseException:<br/>                raise exception_class(response, value)<br/>            raise exception_class(value)<br/>        if message == &quot;&quot; and &#x27;message&#x27; in value:<br/>            message = value[&#x27;message&#x27;]<br/>    <br/>        screen = None<br/>        if &#x27;screen&#x27; in value:<br/>            screen = value[&#x27;screen&#x27;]<br/>    <br/>        stacktrace = None<br/>        if &#x27;stackTrace&#x27; in value and value[&#x27;stackTrace&#x27;]:<br/>            stacktrace = []<br/>            try:<br/>                for frame in value[&#x27;stackTrace&#x27;]:<br/>                    line = self._value_or_default(frame, &#x27;lineNumber&#x27;, &#x27;&#x27;)<br/>                    file = self._value_or_default(frame, &#x27;fileName&#x27;, &#x27;&lt;anonymous&gt;&#x27;)<br/>                    if line:<br/>                        file = &quot;%s:%s&quot; % (file, line)<br/>                    meth = self._value_or_default(frame, &#x27;methodName&#x27;, &#x27;&lt;anonymous&gt;&#x27;)<br/>                    if &#x27;className&#x27; in frame:<br/>                        meth = &quot;%s.%s&quot; % (frame[&#x27;className&#x27;], meth)<br/>                    msg = &quot;    at %s (%s)&quot;<br/>                    msg = msg % (meth, file)<br/>                    stacktrace.append(msg)<br/>            except TypeError:<br/>                pass<br/>        if exception_class == ErrorInResponseException:<br/>            raise exception_class(response, message)<br/>        elif exception_class == UnexpectedAlertPresentException:<br/>            alert_text = None<br/>            if &#x27;data&#x27; in value:<br/>                alert_text = value[&#x27;data&#x27;].get(&#x27;text&#x27;)<br/>            elif &#x27;alert&#x27; in value:<br/>                alert_text = value[&#x27;alert&#x27;].get(&#x27;text&#x27;)<br/>            raise exception_class(message, screen, stacktrace, alert_text)<br/>&gt;       raise exception_class(message, screen, stacktrace)<br/><span class="error">E       selenium.common.exceptions.NoSuchElementException: Message: no such element: Unable to locate element: {&quot;method&quot;:&quot;link text&quot;,&quot;selector&quot;:&quot;Welcome Admin&quot;}</span><br/><span class="error">E         (Session info: chrome=85.0.4183.121)</span><br/><br/>venv\lib\site-packages\selenium\webdriver\remote\errorhandler.py:242: NoSuchElementException<br/> ------------------------------Captured stdout call------------------------------ <br/>Navigation to user Management is successful
2
5
[]
<br/> -------------------------------Captured log call-------------------------------- <br/>[32mINFO    [0m OrangeHRM_Common.OrangeHRM_ReportUtilities.LogGenerator:test_AdminUserManagement.py:41 test_click_users called
[31m[1mERROR   [0m OrangeHRM_Common.OrangeHRM_ReportUtilities.LogGenerator:test_AdminUserManagement.py:54 File Name : test_AdminUserManagement.py 
[31m[1mERROR   [0m OrangeHRM_Common.OrangeHRM_ReportUtilities.LogGenerator:test_AdminUserManagement.py:55 Error : 
[31m[1mERROR   [0m OrangeHRM_Common.OrangeHRM_ReportUtilities.LogGenerator:test_AdminUserManagement.py:56 Type --&gt; IndexError
[31m[1mERROR   [0m OrangeHRM_Common.OrangeHRM_ReportUtilities.LogGenerator:test_AdminUserManagement.py:57 Details --&gt; list index out of range<br/></div></td></tr></tbody>
      <tbody class="failed results-table-row">
        <tr>
          <td class="col-result">Failed</td>
          <td class="col-name">Testcases/test_AdminUserManagement.py::TestUserManagement::test_click_users</td>
          <td class="col-duration">3.31</td>
          <td class="col-links"></td></tr>
        <tr>
          <td class="extra" colspan="4">
            <div class="log">self = &lt;test_AdminUserManagement.TestUserManagement object at 0x0095A3E8&gt;<br/><br/>    def test_click_users(self):<br/>        try:<br/>            logger_obj.info(&quot;test_click_users called&quot;)<br/>            driver = self.driver<br/>            user_mgmt = User_management_utility(driver)<br/>            user_mgmt.navigate_Users()<br/>            user_mgmt.Collapse_System_users_Tab()<br/>    <br/>            users_list = user_mgmt.get_list_Users()<br/>            print(users_list)<br/>&gt;           print(&quot;User to Delete :&quot;,users_list[1])<br/><span class="error">E           IndexError: list index out of range</span><br/><br/>Testcases\test_AdminUserManagement.py:49: IndexError<br/><br/>During handling of the above exception, another exception occurred:<br/><br/>self = &lt;test_AdminUserManagement.TestUserManagement object at 0x0095A3E8&gt;<br/><br/>    def test_click_users(self):<br/>        try:<br/>            logger_obj.info(&quot;test_click_users called&quot;)<br/>            driver = self.driver<br/>            user_mgmt = User_management_utility(driver)<br/>            user_mgmt.navigate_Users()<br/>            user_mgmt.Collapse_System_users_Tab()<br/>    <br/>            users_list = user_mgmt.get_list_Users()<br/>            print(users_list)<br/>            print(&quot;User to Delete :&quot;,users_list[1])<br/>            user_mgmt.select_user(users_list[1])<br/>            #user_mgmt.delete_user(users_list[1],&quot;Y&quot;)<br/>            #self.assertFalse(user_mgmt.select_user(users_list[1]) == False, users_list[2] + &quot; failed to delete&quot;)<br/>        except Exception as e:<br/>            logger_obj.exception(&quot;File Name : {current_py_file_name} &quot;.format(current_py_file_name=os.path.basename(__file__)), exc_info=False)<br/>            logger_obj.exception(&quot;Error : &quot;, exc_info=False)<br/>            logger_obj.exception(&quot;Type --&gt; &quot; + type(e).__name__, exc_info=False)<br/>            logger_obj.exception(&quot;Details --&gt; &quot; + str(e), exc_info=False)<br/>&gt;           ExceptionUtility.call_exception_utility(exit_code=1)<br/><br/>Testcases\test_AdminUserManagement.py:58: <br/>_ _ _ _ _ _ _ _ _ _ _ _ _ _ _ _ _ _ _ _ _ _ _ _ _ _ _ _ _ _ _ _ _ _ _ _ _ _ _ _ <br/><br/>exit_code = 1<br/><br/>    def call_exception_utility(exit_code):<br/>        try:<br/>            if exit_code == 1:<br/>                # To generate IBE Sanity Summary File.<br/>                absolute_path_summary_file = Path(os.getcwd()) / &quot;ActivitySummary.txt&quot;<br/>                with open(absolute_path_summary_file, &#x27;w&#x27;) as SummaryFile:<br/>                    # 1 --&gt; PASS and 0 --&gt; FAIL<br/>                    SummaryFile.write(&quot;0&quot;)<br/>    <br/>            # input(&quot;Press Enter to continue...&quot;)<br/>    <br/>            if exit_code != 0:<br/>&gt;               exit(1)<br/><span class="error">E               SystemExit: 1</span><br/><br/>OrangeHRM_Common\OrangeHRM_ExceptionHandling\ExceptionUtility.py:21: SystemExit<br/> ------------------------------Captured stdout call------------------------------ <br/>Navigation to user Management is successful
2
5
[]
<br/> -------------------------------Captured log call-------------------------------- <br/>[32mINFO    [0m OrangeHRM_Common.OrangeHRM_ReportUtilities.LogGenerator:test_AdminUserManagement.py:41 test_click_users called
[31m[1mERROR   [0m OrangeHRM_Common.OrangeHRM_ReportUtilities.LogGenerator:test_AdminUserManagement.py:54 File Name : test_AdminUserManagement.py 
[31m[1mERROR   [0m OrangeHRM_Common.OrangeHRM_ReportUtilities.LogGenerator:test_AdminUserManagement.py:55 Error : 
[31m[1mERROR   [0m OrangeHRM_Common.OrangeHRM_ReportUtilities.LogGenerator:test_AdminUserManagement.py:56 Type --&gt; IndexError
[31m[1mERROR   [0m OrangeHRM_Common.OrangeHRM_ReportUtilities.LogGenerator:test_AdminUserManagement.py:57 Details --&gt; list index out of range<br/></div></td></tr></tbody>
      <tbody class="failed results-table-row">
        <tr>
          <td class="col-result">Failed</td>
          <td class="col-name">Testcases/test_Login.py::TestLogin::test_4logout</td>
          <td class="col-duration">10.10</td>
          <td class="col-links"></td></tr>
        <tr>
          <td class="extra" colspan="4">
            <div class="log">self = &lt;test_Login.TestLogin object at 0x00C3BBC8&gt;, test_setup = None<br/><br/>    def test_4logout(self,test_setup):<br/>        try:<br/>            logger_obj.info(&quot;4logout called&quot;)<br/>            # driver = self.driver<br/>            homepage = HomePages(driver)<br/>&gt;           homepage.click_welcome()<br/><br/>Testcases\test_Login.py:116: <br/>_ _ _ _ _ _ _ _ _ _ _ _ _ _ _ _ _ _ _ _ _ _ _ _ _ _ _ _ _ _ _ _ _ _ _ _ _ _ _ _ <br/><br/>self = &lt;PageObjects.OrangeHRM_HomePags.HomePage.HomePages object at 0x00C1E088&gt;<br/><br/>    def click_welcome(self):<br/>&gt;       self.driver.find_element_by_link_text(self.welcome_link_text).click()<br/><br/>PageObjects\OrangeHRM_HomePags\HomePage.py:9: <br/>_ _ _ _ _ _ _ _ _ _ _ _ _ _ _ _ _ _ _ _ _ _ _ _ _ _ _ _ _ _ _ _ _ _ _ _ _ _ _ _ <br/><br/>self = &lt;selenium.webdriver.chrome.webdriver.WebDriver (session=&quot;4de43f411a381340451524bd124f4323&quot;)&gt;, link_text = &#x27;Welcome Admin&#x27;<br/><br/>    def find_element_by_link_text(self, link_text):<br/>        &quot;&quot;&quot;<br/>        Finds an element by link text.<br/>    <br/>        :Args:<br/>         - link_text: The text of the element to be found.<br/>    <br/>        :Returns:<br/>         - WebElement - the element if it was found<br/>    <br/>        :Raises:<br/>         - NoSuchElementException - if the element wasn&#x27;t found<br/>    <br/>        :Usage:<br/>            element = driver.find_element_by_link_text(&#x27;Sign In&#x27;)<br/>        &quot;&quot;&quot;<br/>&gt;       return self.find_element(by=By.LINK_TEXT, value=link_text)<br/><br/>venv\lib\site-packages\selenium\webdriver\remote\webdriver.py:428: <br/>_ _ _ _ _ _ _ _ _ _ _ _ _ _ _ _ _ _ _ _ _ _ _ _ _ _ _ _ _ _ _ _ _ _ _ _ _ _ _ _ <br/><br/>self = &lt;selenium.webdriver.chrome.webdriver.WebDriver (session=&quot;4de43f411a381340451524bd124f4323&quot;)&gt;, by = &#x27;link text&#x27;, value = &#x27;Welcome Admin&#x27;<br/><br/>    def find_element(self, by=By.ID, value=None):<br/>        &quot;&quot;&quot;<br/>        Find an element given a By strategy and locator. Prefer the find_element_by_* methods when<br/>        possible.<br/>    <br/>        :Usage:<br/>            element = driver.find_element(By.ID, &#x27;foo&#x27;)<br/>    <br/>        :rtype: WebElement<br/>        &quot;&quot;&quot;<br/>        if self.w3c:<br/>            if by == By.ID:<br/>                by = By.CSS_SELECTOR<br/>                value = &#x27;[id=&quot;%s&quot;]&#x27; % value<br/>            elif by == By.TAG_NAME:<br/>                by = By.CSS_SELECTOR<br/>            elif by == By.CLASS_NAME:<br/>                by = By.CSS_SELECTOR<br/>                value = &quot;.%s&quot; % value<br/>            elif by == By.NAME:<br/>                by = By.CSS_SELECTOR<br/>                value = &#x27;[name=&quot;%s&quot;]&#x27; % value<br/>&gt;       return self.execute(Command.FIND_ELEMENT, {<br/>            &#x27;using&#x27;: by,<br/>            &#x27;value&#x27;: value})[&#x27;value&#x27;]<br/><br/>venv\lib\site-packages\selenium\webdriver\remote\webdriver.py:976: <br/>_ _ _ _ _ _ _ _ _ _ _ _ _ _ _ _ _ _ _ _ _ _ _ _ _ _ _ _ _ _ _ _ _ _ _ _ _ _ _ _ <br/><br/>self = &lt;selenium.webdriver.chrome.webdriver.WebDriver (session=&quot;4de43f411a381340451524bd124f4323&quot;)&gt;, driver_command = &#x27;findElement&#x27;<br/>params = {&#x27;using&#x27;: &#x27;link text&#x27;, &#x27;value&#x27;: &#x27;Welcome Admin&#x27;}<br/><br/>    def execute(self, driver_command, params=None):<br/>        &quot;&quot;&quot;<br/>        Sends a command to be executed by a command.CommandExecutor.<br/>    <br/>        :Args:<br/>         - driver_command: The name of the command to execute as a string.<br/>         - params: A dictionary of named parameters to send with the command.<br/>    <br/>        :Returns:<br/>          The command&#x27;s JSON response loaded into a dictionary object.<br/>        &quot;&quot;&quot;<br/>        if self.session_id is not None:<br/>            if not params:<br/>                params = {&#x27;sessionId&#x27;: self.session_id}<br/>            elif &#x27;sessionId&#x27; not in params:<br/>                params[&#x27;sessionId&#x27;] = self.session_id<br/>    <br/>        params = self._wrap_value(params)<br/>        response = self.command_executor.execute(driver_command, params)<br/>        if response:<br/>&gt;           self.error_handler.check_response(response)<br/><br/>venv\lib\site-packages\selenium\webdriver\remote\webdriver.py:321: <br/>_ _ _ _ _ _ _ _ _ _ _ _ _ _ _ _ _ _ _ _ _ _ _ _ _ _ _ _ _ _ _ _ _ _ _ _ _ _ _ _ <br/><br/>self = &lt;selenium.webdriver.remote.errorhandler.ErrorHandler object at 0x00C1DF88&gt;<br/>response = {&#x27;status&#x27;: 404, &#x27;value&#x27;: &#x27;{&quot;value&quot;:{&quot;error&quot;:&quot;no such element&quot;,&quot;message&quot;:&quot;no such element: Unable to locate element: {\...\n\\tRtlGetAppContainerNamedObjectPath [0x774174A4+228]\\n\\tRtlGetAppContainerNamedObjectPath [0x77417474+180]\\n&quot;}}&#x27;}<br/><br/>    def check_response(self, response):<br/>        &quot;&quot;&quot;<br/>        Checks that a JSON response from the WebDriver does not have an error.<br/>    <br/>        :Args:<br/>         - response - The JSON response from the WebDriver server as a dictionary<br/>           object.<br/>    <br/>        :Raises: If the response contains an error message.<br/>        &quot;&quot;&quot;<br/>        status = response.get(&#x27;status&#x27;, None)<br/>        if status is None or status == ErrorCode.SUCCESS:<br/>            return<br/>        value = None<br/>        message = response.get(&quot;message&quot;, &quot;&quot;)<br/>        screen = response.get(&quot;screen&quot;, &quot;&quot;)<br/>        stacktrace = None<br/>        if isinstance(status, int):<br/>            value_json = response.get(&#x27;value&#x27;, None)<br/>            if value_json and isinstance(value_json, basestring):<br/>                import json<br/>                try:<br/>                    value = json.loads(value_json)<br/>                    if len(value.keys()) == 1:<br/>                        value = value[&#x27;value&#x27;]<br/>                    status = value.get(&#x27;error&#x27;, None)<br/>                    if status is None:<br/>                        status = value[&quot;status&quot;]<br/>                        message = value[&quot;value&quot;]<br/>                        if not isinstance(message, basestring):<br/>                            value = message<br/>                            message = message.get(&#x27;message&#x27;)<br/>                    else:<br/>                        message = value.get(&#x27;message&#x27;, None)<br/>                except ValueError:<br/>                    pass<br/>    <br/>        exception_class = ErrorInResponseException<br/>        if status in ErrorCode.NO_SUCH_ELEMENT:<br/>            exception_class = NoSuchElementException<br/>        elif status in ErrorCode.NO_SUCH_FRAME:<br/>            exception_class = NoSuchFrameException<br/>        elif status in ErrorCode.NO_SUCH_WINDOW:<br/>            exception_class = NoSuchWindowException<br/>        elif status in ErrorCode.STALE_ELEMENT_REFERENCE:<br/>            exception_class = StaleElementReferenceException<br/>        elif status in ErrorCode.ELEMENT_NOT_VISIBLE:<br/>            exception_class = ElementNotVisibleException<br/>        elif status in ErrorCode.INVALID_ELEMENT_STATE:<br/>            exception_class = InvalidElementStateException<br/>        elif status in ErrorCode.INVALID_SELECTOR \<br/>                or status in ErrorCode.INVALID_XPATH_SELECTOR \<br/>                or status in ErrorCode.INVALID_XPATH_SELECTOR_RETURN_TYPER:<br/>            exception_class = InvalidSelectorException<br/>        elif status in ErrorCode.ELEMENT_IS_NOT_SELECTABLE:<br/>            exception_class = ElementNotSelectableException<br/>        elif status in ErrorCode.ELEMENT_NOT_INTERACTABLE:<br/>            exception_class = ElementNotInteractableException<br/>        elif status in ErrorCode.INVALID_COOKIE_DOMAIN:<br/>            exception_class = InvalidCookieDomainException<br/>        elif status in ErrorCode.UNABLE_TO_SET_COOKIE:<br/>            exception_class = UnableToSetCookieException<br/>        elif status in ErrorCode.TIMEOUT:<br/>            exception_class = TimeoutException<br/>        elif status in ErrorCode.SCRIPT_TIMEOUT:<br/>            exception_class = TimeoutException<br/>        elif status in ErrorCode.UNKNOWN_ERROR:<br/>            exception_class = WebDriverException<br/>        elif status in ErrorCode.UNEXPECTED_ALERT_OPEN:<br/>            exception_class = UnexpectedAlertPresentException<br/>        elif status in ErrorCode.NO_ALERT_OPEN:<br/>            exception_class = NoAlertPresentException<br/>        elif status in ErrorCode.IME_NOT_AVAILABLE:<br/>            exception_class = ImeNotAvailableException<br/>        elif status in ErrorCode.IME_ENGINE_ACTIVATION_FAILED:<br/>            exception_class = ImeActivationFailedException<br/>        elif status in ErrorCode.MOVE_TARGET_OUT_OF_BOUNDS:<br/>            exception_class = MoveTargetOutOfBoundsException<br/>        elif status in ErrorCode.JAVASCRIPT_ERROR:<br/>            exception_class = JavascriptException<br/>        elif status in ErrorCode.SESSION_NOT_CREATED:<br/>            exception_class = SessionNotCreatedException<br/>        elif status in ErrorCode.INVALID_ARGUMENT:<br/>            exception_class = InvalidArgumentException<br/>        elif status in ErrorCode.NO_SUCH_COOKIE:<br/>            exception_class = NoSuchCookieException<br/>        elif status in ErrorCode.UNABLE_TO_CAPTURE_SCREEN:<br/>            exception_class = ScreenshotException<br/>        elif status in ErrorCode.ELEMENT_CLICK_INTERCEPTED:<br/>            exception_class = ElementClickInterceptedException<br/>        elif status in ErrorCode.INSECURE_CERTIFICATE:<br/>            exception_class = InsecureCertificateException<br/>        elif status in ErrorCode.INVALID_COORDINATES:<br/>            exception_class = InvalidCoordinatesException<br/>        elif status in ErrorCode.INVALID_SESSION_ID:<br/>            exception_class = InvalidSessionIdException<br/>        elif status in ErrorCode.UNKNOWN_METHOD:<br/>            exception_class = UnknownMethodException<br/>        else:<br/>            exception_class = WebDriverException<br/>        if value == &#x27;&#x27; or value is None:<br/>            value = response[&#x27;value&#x27;]<br/>        if isinstance(value, basestring):<br/>            if exception_class == ErrorInResponseException:<br/>                raise exception_class(response, value)<br/>            raise exception_class(value)<br/>        if message == &quot;&quot; and &#x27;message&#x27; in value:<br/>            message = value[&#x27;message&#x27;]<br/>    <br/>        screen = None<br/>        if &#x27;screen&#x27; in value:<br/>            screen = value[&#x27;screen&#x27;]<br/>    <br/>        stacktrace = None<br/>        if &#x27;stackTrace&#x27; in value and value[&#x27;stackTrace&#x27;]:<br/>            stacktrace = []<br/>            try:<br/>                for frame in value[&#x27;stackTrace&#x27;]:<br/>                    line = self._value_or_default(frame, &#x27;lineNumber&#x27;, &#x27;&#x27;)<br/>                    file = self._value_or_default(frame, &#x27;fileName&#x27;, &#x27;&lt;anonymous&gt;&#x27;)<br/>                    if line:<br/>                        file = &quot;%s:%s&quot; % (file, line)<br/>                    meth = self._value_or_default(frame, &#x27;methodName&#x27;, &#x27;&lt;anonymous&gt;&#x27;)<br/>                    if &#x27;className&#x27; in frame:<br/>                        meth = &quot;%s.%s&quot; % (frame[&#x27;className&#x27;], meth)<br/>                    msg = &quot;    at %s (%s)&quot;<br/>                    msg = msg % (meth, file)<br/>                    stacktrace.append(msg)<br/>            except TypeError:<br/>                pass<br/>        if exception_class == ErrorInResponseException:<br/>            raise exception_class(response, message)<br/>        elif exception_class == UnexpectedAlertPresentException:<br/>            alert_text = None<br/>            if &#x27;data&#x27; in value:<br/>                alert_text = value[&#x27;data&#x27;].get(&#x27;text&#x27;)<br/>            elif &#x27;alert&#x27; in value:<br/>                alert_text = value[&#x27;alert&#x27;].get(&#x27;text&#x27;)<br/>            raise exception_class(message, screen, stacktrace, alert_text)<br/>&gt;       raise exception_class(message, screen, stacktrace)<br/><span class="error">E       selenium.common.exceptions.NoSuchElementException: Message: no such element: Unable to locate element: {&quot;method&quot;:&quot;link text&quot;,&quot;selector&quot;:&quot;Welcome Admin&quot;}</span><br/><span class="error">E         (Session info: chrome=85.0.4183.121)</span><br/><br/>venv\lib\site-packages\selenium\webdriver\remote\errorhandler.py:242: NoSuchElementException<br/><br/>During handling of the above exception, another exception occurred:<br/><br/>self = &lt;test_Login.TestLogin object at 0x00C3BBC8&gt;, test_setup = None<br/><br/>    def test_4logout(self,test_setup):<br/>        try:<br/>            logger_obj.info(&quot;4logout called&quot;)<br/>            # driver = self.driver<br/>            homepage = HomePages(driver)<br/>            homepage.click_welcome()<br/>            homepage.click_logout()<br/>        except Exception as e:<br/>            logger_obj.exception(&quot;File Name : {current_py_file_name} &quot;.format(current_py_file_name=os.path.basename(__file__)), exc_info=False)<br/>            logger_obj.exception(&quot;Error : &quot;, exc_info=False)<br/>            logger_obj.exception(&quot;Type --&gt; &quot; + type(e).__name__, exc_info=False)<br/>            logger_obj.exception(&quot;Details --&gt; &quot; + str(e), exc_info=False)<br/>&gt;           ExceptionUtility.call_exception_utility(exit_code=1)<br/><br/>Testcases\test_Login.py:123: <br/>_ _ _ _ _ _ _ _ _ _ _ _ _ _ _ _ _ _ _ _ _ _ _ _ _ _ _ _ _ _ _ _ _ _ _ _ _ _ _ _ <br/><br/>exit_code = 1<br/><br/>    def call_exception_utility(exit_code):<br/>        try:<br/>            if exit_code == 1:<br/>                # To generate IBE Sanity Summary File.<br/>                absolute_path_summary_file = Path(os.getcwd()) / &quot;ActivitySummary.txt&quot;<br/>                with open(absolute_path_summary_file, &#x27;w&#x27;) as SummaryFile:<br/>                    # 1 --&gt; PASS and 0 --&gt; FAIL<br/>                    SummaryFile.write(&quot;0&quot;)<br/>    <br/>            # input(&quot;Press Enter to continue...&quot;)<br/>    <br/>            if exit_code != 0:<br/>&gt;               exit(1)<br/><span class="error">E               SystemExit: 1</span><br/><br/>OrangeHRM_Common\OrangeHRM_ExceptionHandling\ExceptionUtility.py:21: SystemExit<br/> -------------------------------Captured log call-------------------------------- <br/>[32mINFO    [0m OrangeHRM_Common.OrangeHRM_ReportUtilities.LogGenerator:test_Login.py:113 4logout called
[31m[1mERROR   [0m OrangeHRM_Common.OrangeHRM_ReportUtilities.LogGenerator:test_Login.py:119 File Name : test_Login.py 
[31m[1mERROR   [0m OrangeHRM_Common.OrangeHRM_ReportUtilities.LogGenerator:test_Login.py:120 Error : 
[31m[1mERROR   [0m OrangeHRM_Common.OrangeHRM_ReportUtilities.LogGenerator:test_Login.py:121 Type --&gt; NoSuchElementException
[31m[1mERROR   [0m OrangeHRM_Common.OrangeHRM_ReportUtilities.LogGenerator:test_Login.py:122 Details --&gt; Message: no such element: Unable to locate element: {&quot;method&quot;:&quot;link text&quot;,&quot;selector&quot;:&quot;Welcome Admin&quot;}
  (Session info: chrome=85.0.4183.121)<br/></div></td></tr></tbody>
      <tbody class="passed results-table-row">
        <tr>
          <td class="col-result">Passed</td>
          <td class="col-name">Testcases/test_AdminJob.py::TestJob::test_Add_Job_Title</td>
          <td class="col-duration">8.30</td>
          <td class="col-links"></td></tr>
        <tr>
          <td class="extra" colspan="4">
            <div class="log"> ------------------------------Captured stdout call------------------------------ <br/>Navigation to Job Titles is successful
Add Title navigation is successful
E:\Vidyashri\PythonSeleniumProjects\HRM-OrangeHRM\PageObjects\OrangeHRM_AdminPages\Job\All_JobSpecification.txt
E:\Vidyashri\PythonSeleniumProjects\HRM-OrangeHRM\PageObjects\OrangeHRM_AdminPages\Job\Job_Specification.txt
CTO added Successfully
<br/> -------------------------------Captured log call-------------------------------- <br/>[32mINFO    [0m OrangeHRM_Common.OrangeHRM_ReportUtilities.LogGenerator:test_AdminJob.py:45 test_1Add_Job_Title called
[32mINFO    [0m OrangeHRM_Common.OrangeHRM_ReportUtilities.LogGenerator:Job_JobTitle_Page.py:80 List of Titles from get_job_titles[&#x27;Accountant&#x27;, &#x27;CEO&#x27;, &#x27;Clerk&#x27;, &#x27;Finance Manager&#x27;, &#x27;FRONT DESK&#x27;, &#x27;HR Executive&#x27;, &#x27;HR Manager&#x27;, &#x27;IT Executive&#x27;, &#x27;IT Manager&#x27;, &#x27;Manger&#x27;, &#x27;Sales Executive&#x27;, &#x27;Sales Manager&#x27;]
[32mINFO    [0m OrangeHRM_Common.OrangeHRM_ReportUtilities.LogGenerator:Job_JobTitle_Page.py:80 List of Titles from get_job_titles[&#x27;Accountant&#x27;, &#x27;CEO&#x27;, &#x27;Clerk&#x27;, &#x27;CTO&#x27;, &#x27;Finance Manager&#x27;, &#x27;FRONT DESK&#x27;, &#x27;HR Executive&#x27;, &#x27;HR Manager&#x27;, &#x27;IT Executive&#x27;, &#x27;IT Manager&#x27;, &#x27;Manger&#x27;, &#x27;Sales Executive&#x27;, &#x27;Sales Manager&#x27;]<br/></div></td></tr></tbody>
      <tbody class="passed results-table-row">
        <tr>
          <td class="col-result">Passed</td>
          <td class="col-name">Testcases/test_AdminJob.py::TestJob::test_Edit_Job_Title</td>
          <td class="col-duration">7.18</td>
          <td class="col-links"></td></tr>
        <tr>
          <td class="extra" colspan="4">
            <div class="log"> ------------------------------Captured stdout call------------------------------ <br/>Navigation to Job Titles is successful
Edit Job Titlesuccessfully navigated
navigation to Edit Job Title is successful
CTO edited successfully
<br/> -------------------------------Captured log call-------------------------------- <br/>[32mINFO    [0m OrangeHRM_Common.OrangeHRM_ReportUtilities.LogGenerator:test_AdminJob.py:65 test_2Edit_Job_Title called
[32mINFO    [0m OrangeHRM_Common.OrangeHRM_ReportUtilities.LogGenerator:Job_JobTitle_Page.py:80 List of Titles from get_job_titles[&#x27;Accountant&#x27;, &#x27;CEO&#x27;, &#x27;Clerk&#x27;, &#x27;CTO&#x27;, &#x27;Finance Manager&#x27;, &#x27;FRONT DESK&#x27;, &#x27;HR Executive&#x27;, &#x27;HR Manager&#x27;, &#x27;IT Executive&#x27;, &#x27;IT Manager&#x27;, &#x27;Manger&#x27;, &#x27;Sales Executive&#x27;, &#x27;Sales Manager&#x27;]<br/></div></td></tr></tbody>
      <tbody class="passed results-table-row">
        <tr>
          <td class="col-result">Passed</td>
          <td class="col-name">Testcases/test_AdminJob.py::TestJob::test_Add_PayGrade</td>
          <td class="col-duration">6.68</td>
          <td class="col-links"></td></tr>
        <tr>
          <td class="extra" colspan="4">
            <div class="log"> ------------------------------Captured stdout call------------------------------ <br/>Navigation to Pay Grade is successful
Add Pay Grade form navigation is successful
CG40 added successfully and Assigned currency table has displayed
Add Currency form opened successfully
[&#x27;Row No- 1: Indian Rupee: 300,000.00: 400,000.00&#x27;]
 Indian Rupee has added successfully and available at Row No- 1
 300000.00 has added successfully and available at Row No- 1
 400000.00 has added successfully and available at Row No- 1
CG40 added successfully with currency,salary limit
<br/> -------------------------------Captured log call-------------------------------- <br/>[32mINFO    [0m OrangeHRM_Common.OrangeHRM_ReportUtilities.LogGenerator:test_AdminJob.py:83 test_3Add_PayGrade called
[35mDEBUG   [0m OrangeHRM_Common.OrangeHRM_ReportUtilities.LogGenerator:Job_utility.py:87 Failed to close AddEditCurrency form<br/></div></td></tr></tbody>
      <tbody class="passed results-table-row">
        <tr>
          <td class="col-result">Passed</td>
          <td class="col-name">Testcases/test_AdminJob.py::TestJob::test_Edit_PayGrade</td>
          <td class="col-duration">4.01</td>
          <td class="col-links"></td></tr>
        <tr>
          <td class="extra" colspan="4">
            <div class="log"> ------------------------------Captured stdout call------------------------------ <br/>Navigation to Pay Grade is successful
Edit Pay Grade is opened successfully
Edit Pay Grades form closed successfully
CG-40 has edited successfully
<br/> -------------------------------Captured log call-------------------------------- <br/>[32mINFO    [0m OrangeHRM_Common.OrangeHRM_ReportUtilities.LogGenerator:test_AdminJob.py:97 test_4Edit_PayGrade called<br/></div></td></tr></tbody>
      <tbody class="passed results-table-row">
        <tr>
          <td class="col-result">Passed</td>
          <td class="col-name">Testcases/test_AdminJob.py::TestJob::test_Add_Employment_status</td>
          <td class="col-duration">3.79</td>
          <td class="col-links"></td></tr>
        <tr>
          <td class="extra" colspan="4">
            <div class="log"> ------------------------------Captured stdout call------------------------------ <br/>Add Employment Status navigated successfully
Intern added successfully
<br/> -------------------------------Captured log call-------------------------------- <br/>[32mINFO    [0m OrangeHRM_Common.OrangeHRM_ReportUtilities.LogGenerator:test_AdminJob.py:111 test_5Add_Employment_status called<br/></div></td></tr></tbody>
      <tbody class="passed results-table-row">
        <tr>
          <td class="col-result">Passed</td>
          <td class="col-name">Testcases/test_AdminJob.py::TestJob::test_Edit_Employment_status</td>
          <td class="col-duration">3.79</td>
          <td class="col-links"></td></tr>
        <tr>
          <td class="extra" colspan="4">
            <div class="log"> ------------------------------Captured stdout call------------------------------ <br/>Intern-FullTime has edited successfully
<br/> -------------------------------Captured log call-------------------------------- <br/>[32mINFO    [0m OrangeHRM_Common.OrangeHRM_ReportUtilities.LogGenerator:test_AdminJob.py:125 6Edit_Employment_status called<br/></div></td></tr></tbody>
      <tbody class="passed results-table-row">
        <tr>
          <td class="col-result">Passed</td>
          <td class="col-name">Testcases/test_AdminJob.py::TestJob::test_Add_Job_Categories</td>
          <td class="col-duration">3.52</td>
          <td class="col-links"></td></tr>
        <tr>
          <td class="extra" colspan="4">
            <div class="log"> ------------------------------Captured stdout call------------------------------ <br/>Add Job Category navigated successfully
IT_Professional added successfully
<br/> -------------------------------Captured log call-------------------------------- <br/>[32mINFO    [0m OrangeHRM_Common.OrangeHRM_ReportUtilities.LogGenerator:test_AdminJob.py:139 7Add_Job_Categories called<br/></div></td></tr></tbody>
      <tbody class="passed results-table-row">
        <tr>
          <td class="col-result">Passed</td>
          <td class="col-name">Testcases/test_AdminJob.py::TestJob::test_Edit_Job_Categories</td>
          <td class="col-duration">3.81</td>
          <td class="col-links"></td></tr>
        <tr>
          <td class="extra" colspan="4">
            <div class="log"> ------------------------------Captured stdout call------------------------------ <br/>IT-Professional has edited successfully
<br/> -------------------------------Captured log call-------------------------------- <br/>[32mINFO    [0m OrangeHRM_Common.OrangeHRM_ReportUtilities.LogGenerator:test_AdminJob.py:153 8Edit_Job_Categories called<br/></div></td></tr></tbody>
      <tbody class="passed results-table-row">
        <tr>
          <td class="col-result">Passed</td>
          <td class="col-name">Testcases/test_AdminJob.py::TestJob::test_Add_Work_Shifts</td>
          <td class="col-duration">4.58</td>
          <td class="col-links"></td></tr>
        <tr>
          <td class="extra" colspan="4">
            <div class="log"> ------------------------------Captured stdout call------------------------------ <br/>13:00:00 22:00:00
Add Work Shift navigated successfully
Carlos Felipe Garcia is selected for the work shift
AfterNoon-Normal added successfully
<br/> -------------------------------Captured log call-------------------------------- <br/>[32mINFO    [0m OrangeHRM_Common.OrangeHRM_ReportUtilities.LogGenerator:test_AdminJob.py:167 test_9Add_Work_Shifts called<br/></div></td></tr></tbody>
      <tbody class="passed results-table-row">
        <tr>
          <td class="col-result">Passed</td>
          <td class="col-name">Testcases/test_AdminJob.py::TestJob::test_Edit_Work_Shifts</td>
          <td class="col-duration">3.80</td>
          <td class="col-links"></td></tr>
        <tr>
          <td class="extra" colspan="4">
            <div class="log"> ------------------------------Captured stdout call------------------------------ <br/>Noon_NormalShift edited successfully
<br/> -------------------------------Captured log call-------------------------------- <br/>[32mINFO    [0m OrangeHRM_Common.OrangeHRM_ReportUtilities.LogGenerator:test_AdminJob.py:182 test_10Edit_Work_Shifts called<br/></div></td></tr></tbody>
      <tbody class="passed results-table-row">
        <tr>
          <td class="col-result">Passed</td>
          <td class="col-name">Testcases/test_Login.py::TestLogin::test_1validation_login</td>
          <td class="col-duration">10.74</td>
          <td class="col-links"></td></tr>
        <tr>
          <td class="extra" colspan="4">
            <div class="log"> -------------------------------Captured log setup------------------------------- <br/>[32mINFO    [0m OrangeHRM_Common.OrangeHRM_ReportUtilities.LogGenerator:test_Login.py:18 setup called<br/> ------------------------------Captured stdout call------------------------------ <br/>Username is empty
Password is empty
Invalid credentials
<br/> -------------------------------Captured log call-------------------------------- <br/>[32mINFO    [0m OrangeHRM_Common.OrangeHRM_ReportUtilities.LogGenerator:test_Login.py:32 1validation_login called<br/></div></td></tr></tbody>
      <tbody class="passed results-table-row">
        <tr>
          <td class="col-result">Passed</td>
          <td class="col-name">Testcases/test_Login.py::TestLogin::test_2forgotPassword_click</td>
          <td class="col-duration">2.64</td>
          <td class="col-links"></td></tr>
        <tr>
          <td class="extra" colspan="4">
            <div class="log"> ------------------------------Captured stdout call------------------------------ <br/>Forgot Password is navigated successfully
<br/> -------------------------------Captured log call-------------------------------- <br/>[32mINFO    [0m OrangeHRM_Common.OrangeHRM_ReportUtilities.LogGenerator:test_Login.py:77 2forgotPassword_click called<br/></div></td></tr></tbody>
      <tbody class="passed results-table-row">
        <tr>
          <td class="col-result">Passed</td>
          <td class="col-name">Testcases/test_Login.py::TestLogin::test_3login</td>
          <td class="col-duration">6.41</td>
          <td class="col-links"></td></tr>
        <tr>
          <td class="extra" colspan="4">
            <div class="log"> -------------------------------Captured log call-------------------------------- <br/>[32mINFO    [0m OrangeHRM_Common.OrangeHRM_ReportUtilities.LogGenerator:test_Login.py:97 3login called<br/></div></td></tr></tbody></table></body></html>